<?xml version="1.0" encoding="UTF-8"?>
<testng-results ignored="0" total="1" passed="1" failed="0" skipped="0">
  <reporter-output>
  </reporter-output>
  <suite started-at="2023-07-26T14:25:19 IST" name="Default suite" finished-at="2023-07-26T14:26:13 IST" duration-ms="54734">
    <groups>
      <group name="cucumber">
        <method signature="AbstractTestNGCucumberTests.runScenario(io.cucumber.testng.PickleWrapper,io.cucumber.testng.FeatureWrapper)[pri:0, instance:com.wfs.runner.RunnerClass@6fa51cd4]" name="runScenario" class="io.cucumber.testng.AbstractTestNGCucumberTests"/>
      </group> <!-- cucumber -->
    </groups>
    <test started-at="2023-07-26T14:25:19 IST" name="Default test" finished-at="2023-07-26T14:26:13 IST" duration-ms="54734">
      <class name="com.wfs.runner.RunnerClass">
        <test-method is-config="true" signature="setUpClass(org.testng.ITestContext)[pri:0, instance:com.wfs.runner.RunnerClass@6fa51cd4]" started-at="2023-07-26T14:25:19 IST" name="setUpClass" finished-at="2023-07-26T14:25:19 IST" duration-ms="688" status="PASS">
          <params>
            <param index="0">
              <value>
                <![CDATA[org.testng.TestRunner@53d808ea]]>
              </value>
            </param>
          </params>
          <reporter-output>
          </reporter-output>
        </test-method> <!-- setUpClass -->
        <test-method signature="runScenario(io.cucumber.testng.PickleWrapper,io.cucumber.testng.FeatureWrapper)[pri:0, instance:com.wfs.runner.RunnerClass@6fa51cd4]" started-at="2023-07-26T14:25:19 IST" name="runScenario" description="Runs Cucumber Scenarios" data-provider="scenarios" finished-at="2023-07-26T14:26:13 IST" duration-ms="53965" status="PASS">
          <params>
            <param index="0">
              <value>
                <![CDATA["To verify product checkout functionality"]]>
              </value>
            </param>
            <param index="1">
              <value>
                <![CDATA["To verify complete product checkout process with assertions"]]>
              </value>
            </param>
          </params>
          <reporter-output>
          </reporter-output>
        </test-method> <!-- runScenario -->
        <test-method is-config="true" signature="tearDownClass()[pri:0, instance:com.wfs.runner.RunnerClass@6fa51cd4]" started-at="2023-07-26T14:26:13 IST" name="tearDownClass" finished-at="2023-07-26T14:26:13 IST" duration-ms="24" status="PASS">
          <reporter-output>
          </reporter-output>
        </test-method> <!-- tearDownClass -->
      </class> <!-- com.wfs.runner.RunnerClass -->
    </test> <!-- Default test -->
  </suite> <!-- Default suite -->
</testng-results>
